<?xml version="1.0" encoding="UTF-8"?>
<!-- Generated by org.testng.reporters.JUnitXMLReporter -->
<testsuite hostname="DESKTOP-KH23AO5" ignored="0" name="Test" tests="2" failures="0" timestamp="05 Apr 2018 06:42:59 GMT" time="0.175" errors="0">
  <testcase name="@BeforeMethod beforemethod" time="0.075" classname="Testcases.TrainTimetabletestcase">
    <failure type="java.lang.IllegalStateException" message="The driver executable does not exist: D:\user.dir\chromedriver.exe">
      <![CDATA[java.lang.IllegalStateException: The driver executable does not exist: D:\user.dir\chromedriver.exe
at com.google.common.base.Preconditions.checkState(Preconditions.java:518)
at org.openqa.selenium.remote.service.DriverService.checkExecutable(DriverService.java:123)
at org.openqa.selenium.remote.service.DriverService.findExecutable(DriverService.java:118)
at org.openqa.selenium.chrome.ChromeDriverService.access$000(ChromeDriverService.java:32)
at org.openqa.selenium.chrome.ChromeDriverService$Builder.findDefaultExecutable(ChromeDriverService.java:137)
at org.openqa.selenium.remote.service.DriverService$Builder.build(DriverService.java:302)
at org.openqa.selenium.chrome.ChromeDriverService.createDefaultService(ChromeDriverService.java:88)
at org.openqa.selenium.chrome.ChromeDriver.<init>(ChromeDriver.java:124)
at generalLib.InitiateBrowser.browserselect(InitiateBrowser.java:13)
at generalLib.Commonmeths.calldriver(Commonmeths.java:22)
at generalLib.InitiateBrowser.navigateURL(InitiateBrowser.java:41)
at Testcases.TrainTimetabletestcase.beforemethod(TrainTimetabletestcase.java:28)
... Removed 28 stack frames]]>
    </failure>
  </testcase> <!-- @BeforeMethod beforemethod -->
  <testcase name="@AfterMethod afterMethod" time="0.0" classname="Testcases.TrainTimetabletestcase">
    <skipped/>
  </testcase> <!-- @AfterMethod afterMethod -->
  <testcase name="@BeforeMethod beforemethod" time="0.011" classname="Testcases.Panatriptestcase">
    <failure type="java.lang.IllegalStateException" message="The driver executable does not exist: D:\user.dir\chromedriver.exe">
      <![CDATA[java.lang.IllegalStateException: The driver executable does not exist: D:\user.dir\chromedriver.exe
at com.google.common.base.Preconditions.checkState(Preconditions.java:518)
at org.openqa.selenium.remote.service.DriverService.checkExecutable(DriverService.java:123)
at org.openqa.selenium.remote.service.DriverService.findExecutable(DriverService.java:118)
at org.openqa.selenium.chrome.ChromeDriverService.access$000(ChromeDriverService.java:32)
at org.openqa.selenium.chrome.ChromeDriverService$Builder.findDefaultExecutable(ChromeDriverService.java:137)
at org.openqa.selenium.remote.service.DriverService$Builder.build(DriverService.java:302)
at org.openqa.selenium.chrome.ChromeDriverService.createDefaultService(ChromeDriverService.java:88)
at org.openqa.selenium.chrome.ChromeDriver.<init>(ChromeDriver.java:124)
at generalLib.InitiateBrowser.browserselect(InitiateBrowser.java:13)
at generalLib.Commonmeths.calldriver(Commonmeths.java:22)
at generalLib.InitiateBrowser.navigateURL(InitiateBrowser.java:41)
at Testcases.Panatriptestcase.beforemethod(Panatriptestcase.java:30)
... Removed 28 stack frames]]>
    </failure>
  </testcase> <!-- @BeforeMethod beforemethod -->
  <testcase name="@AfterMethod afterTest" time="0.0" classname="Testcases.Panatriptestcase">
    <skipped/>
  </testcase> <!-- @AfterMethod afterTest -->
  <testcase name="test" time="0.0" classname="Testcases.TrainTimetabletestcase">
    <skipped/>
  </testcase> <!-- test -->
  <testcase name="plantrip" time="0.0" classname="Testcases.Panatriptestcase">
    <skipped/>
  </testcase> <!-- plantrip -->
</testsuite> <!-- Test -->
